[debug] [2024-08-20T15:41:17.963Z] ----------------------------------------------------------------------
[debug] [2024-08-20T15:41:17.967Z] Command:       /usr/local/Cellar/node/22.3.0/bin/node /usr/local/bin/firebase init
[debug] [2024-08-20T15:41:17.968Z] CLI Version:   13.15.2
[debug] [2024-08-20T15:41:17.968Z] Platform:      darwin
[debug] [2024-08-20T15:41:17.968Z] Node Version:  v22.3.0
[debug] [2024-08-20T15:41:17.968Z] Time:          Tue Aug 20 2024 21:11:17 GMT+0530 (India Standard Time)
[debug] [2024-08-20T15:41:17.969Z] ----------------------------------------------------------------------
[debug] 
[debug] [2024-08-20T15:41:17.982Z] > command requires scopes: ["email","openid","https://www.googleapis.com/auth/cloudplatformprojects.readonly","https://www.googleapis.com/auth/firebase","https://www.googleapis.com/auth/cloud-platform"]
[debug] [2024-08-20T15:41:17.983Z] > authorizing via signed-in user (isharamadushankab@gmail.com)
[info] 
     ######## #### ########  ######## ########     ###     ######  ########
     ##        ##  ##     ## ##       ##     ##  ##   ##  ##       ##
     ######    ##  ########  ######   ########  #########  ######  ######
     ##        ##  ##    ##  ##       ##     ## ##     ##       ## ##
     ##       #### ##     ## ######## ########  ##     ##  ######  ########

You're about to initialize a Firebase project in this directory:

  /Users/ishara/Desktop/untitled folder 5/pixeleye-web

[info] 
=== Project Setup
[info] 
[info] First, let's associate this project directory with a Firebase project.
[info] You can create multiple project aliases by running firebase use --add, 
[info] but for now we'll just set up a default project.
[info] 
[debug] [2024-08-20T15:41:37.145Z] > refreshing access token with scopes: []
[debug] [2024-08-20T15:41:37.149Z] >>> [apiv2][query] POST https://www.googleapis.com/oauth2/v3/token [none]
[debug] [2024-08-20T15:41:37.149Z] >>> [apiv2][body] POST https://www.googleapis.com/oauth2/v3/token [omitted]
[debug] [2024-08-20T15:41:37.716Z] <<< [apiv2][status] POST https://www.googleapis.com/oauth2/v3/token 200
[debug] [2024-08-20T15:41:37.716Z] <<< [apiv2][body] POST https://www.googleapis.com/oauth2/v3/token [omitted]
[debug] [2024-08-20T15:41:37.771Z] >>> [apiv2][query] GET https://firebase.googleapis.com/v1beta1/projects pageSize=100
[debug] [2024-08-20T15:41:39.045Z] <<< [apiv2][status] GET https://firebase.googleapis.com/v1beta1/projects 200
[debug] [2024-08-20T15:41:39.045Z] <<< [apiv2][body] GET https://firebase.googleapis.com/v1beta1/projects [omitted]
[info] i  Using project pixeleye-673c0 (pixeleye) 
[info] 
=== Hosting Setup
[debug] [2024-08-20T15:41:43.951Z] >>> [apiv2][query] GET https://firebase.googleapis.com/v1beta1/projects/pixeleye-673c0 [none]
[debug] [2024-08-20T15:41:44.578Z] <<< [apiv2][status] GET https://firebase.googleapis.com/v1beta1/projects/pixeleye-673c0 200
[debug] [2024-08-20T15:41:44.579Z] <<< [apiv2][body] GET https://firebase.googleapis.com/v1beta1/projects/pixeleye-673c0 {"projectId":"pixeleye-673c0","projectNumber":"708506163952","displayName":"pixeleye","name":"projects/pixeleye-673c0","resources":{"hostingSite":"pixeleye-673c0","realtimeDatabaseInstance":"pixeleye-673c0-default-rtdb"},"state":"ACTIVE","etag":"1_c1c3e1f7-53fc-4247-aaf0-4a4f55cb4f40"}
[info] 
[info] Your public directory is the folder (relative to your project directory) that
[info] will contain Hosting assets to be uploaded with firebase deploy. If you
[info] have a build process for your assets, use your build's output directory.
[info] 
[debug] [2024-08-20T15:42:50.433Z] >>> [apiv2][query] GET https://www.gstatic.com/firebasejs/releases.json [none]
[debug] [2024-08-20T15:42:50.849Z] <<< [apiv2][status] GET https://www.gstatic.com/firebasejs/releases.json 200
[debug] [2024-08-20T15:42:50.850Z] <<< [apiv2][body] GET https://www.gstatic.com/firebasejs/releases.json {"current":{"version":"10.13.0","browserURL":"https://www.gstatic.com/firebasejs/10.13.0/firebase.js","packageURL":"https://www.gstatic.com/firebasejs/10.13.0/firebase.tgz"},"live":{"version":"10.13","browserURL":"https://www.gstatic.com/firebasejs/live/10.13/firebase.js","packageURL":"https://www.gstatic.com/firebasejs/live/10.13/firebase.tgz"},"components":{"analytics":"https://www.gstatic.com/firebasejs/10.13.0/firebase-analytics.js","app":"https://www.gstatic.com/firebasejs/10.13.0/firebase-app.js","app-check":"https://www.gstatic.com/firebasejs/10.13.0/firebase-app-check.js","auth":"https://www.gstatic.com/firebasejs/10.13.0/firebase-auth.js","auth/cordova":"https://www.gstatic.com/firebasejs/10.13.0/firebase-auth/cordova.js","auth/web-extension":"https://www.gstatic.com/firebasejs/10.13.0/firebase-auth/web-extension.js","functions":"https://www.gstatic.com/firebasejs/10.13.0/firebase-functions.js","firestore":"https://www.gstatic.com/firebasejs/10.13.0/firebase-firestore.js","firestore/lite":"https://www.gstatic.com/firebasejs/10.13.0/firebase-firestore/lite.js","installations":"https://www.gstatic.com/firebasejs/10.13.0/firebase-installations.js","storage":"https://www.gstatic.com/firebasejs/10.13.0/firebase-storage.js","performance":"https://www.gstatic.com/firebasejs/10.13.0/firebase-performance.js","remote-config":"https://www.gstatic.com/firebasejs/10.13.0/firebase-remote-config.js","messaging":"https://www.gstatic.com/firebasejs/10.13.0/firebase-messaging.js","messaging/sw":"https://www.gstatic.com/firebasejs/10.13.0/firebase-messaging/sw.js","database":"https://www.gstatic.com/firebasejs/10.13.0/firebase-database.js","vertexai-preview":"https://www.gstatic.com/firebasejs/10.13.0/firebase-vertexai-preview.js","firestore.memory":"https://www.gstatic.com/firebasejs/10.13.0/firebase-firestore.memory.js"}}
[info] ✔  Wrote public/index.html 
[info] 
[info] i  Detected a .git folder at /Users/ishara/Desktop/untitled folder 5/pixeleye-web 
[info] i  Authorizing with GitHub to upload your service account to a GitHub repository's secrets store. 
[info] 
[info] Visit this URL on this device to log in:
[info] https://github.com/login/oauth/authorize?client_id=89cf50f02ac6aaed3484&state=919356584&redirect_uri=http%3A%2F%2Flocalhost%3A9005&scope=read%3Auser%20repo%20public_repo
[info] 
[info] Waiting for authentication...
